Unity Editor version:    2021.3.10f1 (1c7d0df0160b)
Branch:                  2021.3/staging
Build type:              Release
Batch mode:              YES
macOS version:           Version 12.6 (Build 21G115)
Darwin version:          21.6.0
Architecture:            arm64
Running under Rosetta:   NO
Available memory:        8192 MB
Using pre-set license
Pro License: YES

COMMAND LINE ARGUMENTS:
/Applications/Unity/Hub/Editor/2021.3.10f1/Unity.app/Contents/MacOS/Unity
-adb2
-batchMode
-noUpm
-name
AssetImportWorker0
-projectPath
/Users/yuriipolishchuk/Documents/unity_project/unity_2d/Aim/Aim/Aim
-logFile
Logs/AssetImportWorker0.log
-srvPort
62771
Successfully changed project path to: /Users/yuriipolishchuk/Documents/unity_project/unity_2d/Aim/Aim/Aim
/Users/yuriipolishchuk/Documents/unity_project/unity_2d/Aim/Aim/Aim
[UnityMemory] Configuration Parameters - Can be set up in boot.config
    "memorysetup-bucket-allocator-granularity=16"
    "memorysetup-bucket-allocator-bucket-count=8"
    "memorysetup-bucket-allocator-block-size=33554432"
    "memorysetup-bucket-allocator-block-count=8"
    "memorysetup-main-allocator-block-size=16777216"
    "memorysetup-thread-allocator-block-size=16777216"
    "memorysetup-gfx-main-allocator-block-size=16777216"
    "memorysetup-gfx-thread-allocator-block-size=16777216"
    "memorysetup-cache-allocator-block-size=4194304"
    "memorysetup-typetree-allocator-block-size=2097152"
    "memorysetup-profiler-bucket-allocator-granularity=16"
    "memorysetup-profiler-bucket-allocator-bucket-count=8"
    "memorysetup-profiler-bucket-allocator-block-size=33554432"
    "memorysetup-profiler-bucket-allocator-block-count=8"
    "memorysetup-profiler-allocator-block-size=16777216"
    "memorysetup-profiler-editor-allocator-block-size=1048576"
    "memorysetup-temp-allocator-size-main=16777216"
    "memorysetup-job-temp-allocator-block-size=2097152"
    "memorysetup-job-temp-allocator-block-size-background=1048576"
    "memorysetup-job-temp-allocator-reduction-small-platforms=262144"
    "memorysetup-temp-allocator-size-background-worker=32768"
    "memorysetup-temp-allocator-size-job-worker=262144"
    "memorysetup-temp-allocator-size-preload-manager=33554432"
    "memorysetup-temp-allocator-size-nav-mesh-worker=65536"
    "memorysetup-temp-allocator-size-audio-worker=65536"
    "memorysetup-temp-allocator-size-cloud-worker=32768"
    "memorysetup-temp-allocator-size-gi-baking-worker=262144"
    "memorysetup-temp-allocator-size-gfx=262144"
Refreshing native plugins compatible for Editor in 94.50 ms, found 2 plugins.
Preloading 0 native plugins for Editor in 0.00 ms.
Initialize engine version: 2021.3.10f1 (1c7d0df0160b)
[Subsystems] Discovering subsystems at path /Applications/Unity/Hub/Editor/2021.3.10f1/Unity.app/Contents/Resources/UnitySubsystems
[Subsystems] Discovering subsystems at path /Users/yuriipolishchuk/Documents/unity_project/unity_2d/Aim/Aim/Aim/Assets
GfxDevice: creating device client; threaded=0; jobified=0
 preferred device: Apple M1 (high power)
Metal devices available: 1
0: Apple M1 (high power)
Using device Apple M1 (high power)
Initializing Metal device caps: Apple M1
Initialize mono
Mono path[0] = '/Applications/Unity/Hub/Editor/2021.3.10f1/Unity.app/Contents/Managed'
Mono path[1] = '/Applications/Unity/Hub/Editor/2021.3.10f1/Unity.app/Contents/MonoBleedingEdge/lib/mono/unityjit-macos'
Mono config path = '/Applications/Unity/Hub/Editor/2021.3.10f1/Unity.app/Contents/MonoBleedingEdge/etc'
Using monoOptions --debugger-agent=transport=dt_socket,embedding=1,server=y,suspend=n,address=127.0.0.1:56680
Begin MonoManager ReloadAssembly
Registering precompiled unity dll's ...
Register platform support module: /Applications/Unity/Hub/Editor/2021.3.10f1/PlaybackEngines/WebGLSupport/UnityEditor.WebGL.Extensions.dll
Register platform support module: /Applications/Unity/Hub/Editor/2021.3.10f1/Unity.app/Contents/PlaybackEngines/MacStandaloneSupport/UnityEditor.OSXStandalone.Extensions.dll
Registered in 0.002224 seconds.
Native extension for OSXStandalone target not found
Native extension for WebGL target not found
Refreshing native plugins compatible for Editor in 68.80 ms, found 2 plugins.
Preloading 0 native plugins for Editor in 0.00 ms.
Mono: successfully reloaded assembly
- Completed reload, in  0.462 seconds
Domain Reload Profiling:
	ReloadAssembly (463ms)
		BeginReloadAssembly (72ms)
			ExecutionOrderSort (0ms)
			DisableScriptedObjects (0ms)
			BackupInstance (0ms)
			ReleaseScriptingObjects (0ms)
			CreateAndSetChildDomain (1ms)
		EndReloadAssembly (308ms)
			LoadAssemblies (72ms)
			RebuildTransferFunctionScriptingTraits (1ms)
			SetupTypeCache (72ms)
			ReleaseScriptCaches (0ms)
			RebuildScriptCaches (19ms)
			SetupLoadedEditorAssemblies (188ms)
				LogAssemblyErrors (0ms)
				InitializePlatformSupportModulesInManaged (4ms)
				SetLoadedEditorAssemblies (0ms)
				RefreshPlugins (69ms)
				BeforeProcessingInitializeOnLoad (1ms)
				ProcessInitializeOnLoadAttributes (89ms)
				ProcessInitializeOnLoadMethodAttributes (26ms)
				AfterProcessingInitializeOnLoad (0ms)
				EditorAssembliesLoaded (0ms)
			ExecutionOrderSort2 (0ms)
			AwakeInstancesAfterBackupRestoration (0ms)
Platform modules already initialized, skipping
Registering precompiled user dll's ...
Registered in 0.004974 seconds.
Begin MonoManager ReloadAssembly
Symbol file LoadedFromMemory doesn't match image /Users/yuriipolishchuk/Documents/unity_project/unity_2d/Aim/Aim/Aim/Library/PackageCache/com.unity.visualscripting@1.7.8/Editor/VisualScripting.Core/Dependencies/YamlDotNet/Unity.VisualScripting.YamlDotNet.dll
Symbol file LoadedFromMemory doesn't match image /Users/yuriipolishchuk/Documents/unity_project/unity_2d/Aim/Aim/Aim/Library/PackageCache/com.unity.visualscripting@1.7.8/Editor/VisualScripting.Core/Dependencies/DotNetZip/Unity.VisualScripting.IonicZip.dll
Native extension for OSXStandalone target not found
Native extension for WebGL target not found
Refreshing native plugins compatible for Editor in 0.36 ms, found 2 plugins.
Preloading 0 native plugins for Editor in 0.00 ms.
Mono: successfully reloaded assembly
- Completed reload, in  0.643 seconds
Domain Reload Profiling:
	ReloadAssembly (645ms)
		BeginReloadAssembly (55ms)
			ExecutionOrderSort (0ms)
			DisableScriptedObjects (3ms)
			BackupInstance (0ms)
			ReleaseScriptingObjects (0ms)
			CreateAndSetChildDomain (12ms)
		EndReloadAssembly (519ms)
			LoadAssemblies (64ms)
			RebuildTransferFunctionScriptingTraits (0ms)
			SetupTypeCache (176ms)
			ReleaseScriptCaches (0ms)
			RebuildScriptCaches (33ms)
			SetupLoadedEditorAssemblies (221ms)
				LogAssemblyErrors (0ms)
				InitializePlatformSupportModulesInManaged (2ms)
				SetLoadedEditorAssemblies (0ms)
				RefreshPlugins (0ms)
				BeforeProcessingInitializeOnLoad (57ms)
				ProcessInitializeOnLoadAttributes (145ms)
				ProcessInitializeOnLoadMethodAttributes (16ms)
				AfterProcessingInitializeOnLoad (1ms)
				EditorAssembliesLoaded (0ms)
			ExecutionOrderSort2 (0ms)
			AwakeInstancesAfterBackupRestoration (2ms)
Platform modules already initialized, skipping
========================================================================
Worker process is ready to serve import requests
Launching external process: /Applications/Unity/Hub/Editor/2021.3.10f1/Unity.app/Contents/Tools/UnityShaderCompiler
Launched and connected shader compiler UnityShaderCompiler after 0.25 seconds
Refreshing native plugins compatible for Editor in 0.39 ms, found 2 plugins.
Preloading 0 native plugins for Editor in 0.00 ms.
Unloading 3380 Unused Serialized files (Serialized files now loaded: 0)
Unloading 27 unused Assets / (96.6 KB). Loaded Objects now: 3837.
Memory consumption went from 229.4 MB to 229.3 MB.
Total: 2.539125 ms (FindLiveObjects: 0.117500 ms CreateObjectMapping: 0.041250 ms MarkObjects: 2.102125 ms  DeleteObjects: 0.277083 ms)

AssetImportParameters requested are different than current active one (requested -> active):
  custom:video-decoder-ogg-theora: a1e56fd34408186e4bbccfd4996cb3dc -> 
  custom:container-muxer-webm: aa71ff27fc2769a1b78a27578f13a17b -> 
  custom:container-demuxer-webm: 4f35f7cbe854078d1ac9338744f61a02 -> 
  custom:video-encoder-webm-vp8: eb34c28f22e8b96e1ab97ce403110664 -> 
  custom:framework-osx-AVFoundation: e770b220cccbd017edd2c1fefb359320 -> 
  custom:audio-encoder-webm-vorbis: bf7c407c2cedff20999df2af8eb42d56 -> 
  custom:container-demuxer-ogg: 62fdf1f143b41e24485cea50d1cbac27 -> 
  custom:video-decoder-webm-vp8: 9c59270c3fd7afecdb556c50c9e8de78 -> 
  custom:audio-decoder-ogg-vorbis: bf7c407c2cedff20999df2af8eb42d56 -> 
========================================================================
Received Import Request.
  Time since last request: 217550.551297 seconds.
  path: Assets/Blink
  artifactKey: Guid(52c2a03984722754188875f0b6f9fd31) Importer(815301076,1909f56bfc062723c751e8b465ee728b)
Start importing Assets/Blink using Guid(52c2a03984722754188875f0b6f9fd31) Importer(815301076,1909f56bfc062723c751e8b465ee728b)  -> (artifact id: '2402323c9bd6a60674834e128bd87959') in 0.004407 seconds 
========================================================================
Received Import Request.
  Time since last request: 0.798893 seconds.
  path: Assets/Blink/Art/Characters
  artifactKey: Guid(d3108140d939a4a4d99396fca81ed378) Importer(815301076,1909f56bfc062723c751e8b465ee728b)
Start importing Assets/Blink/Art/Characters using Guid(d3108140d939a4a4d99396fca81ed378) Importer(815301076,1909f56bfc062723c751e8b465ee728b)  -> (artifact id: 'b83137fd7175616598993773170930d6') in 0.001023 seconds 
========================================================================
Received Import Request.
  Time since last request: 0.895141 seconds.
  path: Assets/Blink/Art/Characters/Stylized
  artifactKey: Guid(8d4697148658c5d43af10bd4e0f73490) Importer(815301076,1909f56bfc062723c751e8b465ee728b)
Start importing Assets/Blink/Art/Characters/Stylized using Guid(8d4697148658c5d43af10bd4e0f73490) Importer(815301076,1909f56bfc062723c751e8b465ee728b)  -> (artifact id: '6b4a75a081b60e1b9d6b4ffc80bd1d70') in 0.000848 seconds 
========================================================================
Received Import Request.
  Time since last request: 0.706240 seconds.
  path: Assets/Blink/Art/Characters/Stylized/Humans
  artifactKey: Guid(3f19fedded1641c4895d8d5aedb17e9b) Importer(815301076,1909f56bfc062723c751e8b465ee728b)
Start importing Assets/Blink/Art/Characters/Stylized/Humans using Guid(3f19fedded1641c4895d8d5aedb17e9b) Importer(815301076,1909f56bfc062723c751e8b465ee728b)  -> (artifact id: '0772e1377424eb3e840fee0de138795a') in 0.000935 seconds 
========================================================================
Received Import Request.
  Time since last request: 1.685275 seconds.
  path: Assets/Blink/Art/Characters/Stylized/Humans/Humans
  artifactKey: Guid(a708c62728b31994a93776a37aa364c0) Importer(815301076,1909f56bfc062723c751e8b465ee728b)
Start importing Assets/Blink/Art/Characters/Stylized/Humans/Humans using Guid(a708c62728b31994a93776a37aa364c0) Importer(815301076,1909f56bfc062723c751e8b465ee728b)  -> (artifact id: '17a0129f16820c9cc5f424dd1622f567') in 0.001315 seconds 
========================================================================
Received Import Request.
  Time since last request: 1.715775 seconds.
  path: Assets/Blink/Art/Characters/Stylized/Humans/Humans/Armors_Humans
  artifactKey: Guid(02fc2d6d826cc19498cc4d7b65159450) Importer(815301076,1909f56bfc062723c751e8b465ee728b)
Start importing Assets/Blink/Art/Characters/Stylized/Humans/Humans/Armors_Humans using Guid(02fc2d6d826cc19498cc4d7b65159450) Importer(815301076,1909f56bfc062723c751e8b465ee728b)  -> (artifact id: '8e2ca714076b8b53f5f7f743d99338ae') in 0.001068 seconds 
========================================================================
Received Import Request.
  Time since last request: 1.116667 seconds.
  path: Assets/Blink/Art/Characters/Stylized/Humans/Humans/Armors_Humans/Materials_ArmorsHumans
  artifactKey: Guid(c6b5ce09edcb0fd4c9270f4d18a6e241) Importer(815301076,1909f56bfc062723c751e8b465ee728b)
Start importing Assets/Blink/Art/Characters/Stylized/Humans/Humans/Armors_Humans/Materials_ArmorsHumans using Guid(c6b5ce09edcb0fd4c9270f4d18a6e241) Importer(815301076,1909f56bfc062723c751e8b465ee728b)  -> (artifact id: 'd18db15c389575cd9aba316e9a5b876d') in 0.000967 seconds 
========================================================================
Received Import Request.
  Time since last request: 0.051116 seconds.
  path: Assets/Blink/Art/Characters/Stylized/Humans/Humans/Armors_Humans/Materials_ArmorsHumans/StarterArmor_1.mat
  artifactKey: Guid(bd95d05da092ee546bb149f526e4d054) Importer(815301076,1909f56bfc062723c751e8b465ee728b)
Start importing Assets/Blink/Art/Characters/Stylized/Humans/Humans/Armors_Humans/Materials_ArmorsHumans/StarterArmor_1.mat using Guid(bd95d05da092ee546bb149f526e4d054) Importer(815301076,1909f56bfc062723c751e8b465ee728b)  -> (artifact id: '69dcb474df2ebb846fd57c33d1a50e0f') in 1.084363 seconds 
========================================================================
Received Import Request.
  Time since last request: 5.128636 seconds.
  path: Assets/Blink/Art/Characters/Stylized/Humans/Humans/Textures_Humans
  artifactKey: Guid(99bd2c04c2e39a346b6f820f69e03dc2) Importer(815301076,1909f56bfc062723c751e8b465ee728b)
Start importing Assets/Blink/Art/Characters/Stylized/Humans/Humans/Textures_Humans using Guid(99bd2c04c2e39a346b6f820f69e03dc2) Importer(815301076,1909f56bfc062723c751e8b465ee728b)  -> (artifact id: '9f5ab388e72fcbe2c50203aa6832b3d0') in 0.000925 seconds 
========================================================================
Received Import Request.
  Time since last request: 0.039931 seconds.
  path: Assets/Blink/Art/Characters/Stylized/Humans/Humans/Textures_Humans/HM_Accessories_T_AO.png
  artifactKey: Guid(37053fee0c67f1e48bc3601cb51f4366) Importer(815301076,1909f56bfc062723c751e8b465ee728b)
Start importing Assets/Blink/Art/Characters/Stylized/Humans/Humans/Textures_Humans/HM_Accessories_T_AO.png using Guid(37053fee0c67f1e48bc3601cb51f4366) Importer(815301076,1909f56bfc062723c751e8b465ee728b)  -> (artifact id: '7a6dd8c920591af76378f4978d5ba4fd') in 0.435962 seconds 
========================================================================
Received Import Request.
  Time since last request: 0.000167 seconds.
  path: Assets/Blink/Art/Characters/Stylized/Humans/Humans/Textures_Humans/HM_Accessories_T_Normal.png
  artifactKey: Guid(df9cb8296364bef449e4f9682ed49fdb) Importer(815301076,1909f56bfc062723c751e8b465ee728b)
Start importing Assets/Blink/Art/Characters/Stylized/Humans/Humans/Textures_Humans/HM_Accessories_T_Normal.png using Guid(df9cb8296364bef449e4f9682ed49fdb) Importer(815301076,1909f56bfc062723c751e8b465ee728b)  -> (artifact id: 'd9d9866ced5fae77927af9e5214e2589') in 0.044822 seconds 
========================================================================
Received Import Request.
  Time since last request: 0.000045 seconds.
  path: Assets/Blink/Art/Characters/Stylized/Humans/Humans/Textures_Humans/HM_Beard_3_Normal.png
  artifactKey: Guid(d37aa6dec4c828f42980a2f5627203cc) Importer(815301076,1909f56bfc062723c751e8b465ee728b)
Start importing Assets/Blink/Art/Characters/Stylized/Humans/Humans/Textures_Humans/HM_Beard_3_Normal.png using Guid(d37aa6dec4c828f42980a2f5627203cc) Importer(815301076,1909f56bfc062723c751e8b465ee728b)  -> (artifact id: 'd25e1302700f51b7383aced53d424676') in 0.011534 seconds 
========================================================================
Received Import Request.
  Time since last request: 0.000091 seconds.
  path: Assets/Blink/Art/Characters/Stylized/Humans/Humans/Textures_Humans/HM_Eyebrows_AO.png
  artifactKey: Guid(f798bafa55088974baf248179b3ae8f1) Importer(815301076,1909f56bfc062723c751e8b465ee728b)
Start importing Assets/Blink/Art/Characters/Stylized/Humans/Humans/Textures_Humans/HM_Eyebrows_AO.png using Guid(f798bafa55088974baf248179b3ae8f1) Importer(815301076,1909f56bfc062723c751e8b465ee728b)  -> (artifact id: '89591e246ee2686a3837d6d37679c27c') in 0.005206 seconds 
========================================================================
Received Import Request.
  Time since last request: 0.000063 seconds.
  path: Assets/Blink/Art/Characters/Stylized/Humans/Humans/Textures_Humans/HM_Eyes_Roughness.png
  artifactKey: Guid(5f6b66f7e6bbce34480c2164e4c327e0) Importer(815301076,1909f56bfc062723c751e8b465ee728b)
Start importing Assets/Blink/Art/Characters/Stylized/Humans/Humans/Textures_Humans/HM_Eyes_Roughness.png using Guid(5f6b66f7e6bbce34480c2164e4c327e0) Importer(815301076,1909f56bfc062723c751e8b465ee728b)  -> (artifact id: '48cb03f053c7cb38ec226b00baad3c58') in 0.005806 seconds 
========================================================================
Received Import Request.
  Time since last request: 0.000089 seconds.
  path: Assets/Blink/Art/Characters/Stylized/Humans/Humans/Textures_Humans/HM_Beard_3_BaseColor.png
  artifactKey: Guid(cde1f6ed9f613524f9ec33961ad81443) Importer(815301076,1909f56bfc062723c751e8b465ee728b)
Start importing Assets/Blink/Art/Characters/Stylized/Humans/Humans/Textures_Humans/HM_Beard_3_BaseColor.png using Guid(cde1f6ed9f613524f9ec33961ad81443) Importer(815301076,1909f56bfc062723c751e8b465ee728b)  -> (artifact id: '82da8bca6164ef7c51c9d2f8736f0d6d') in 0.009251 seconds 
========================================================================
Received Import Request.
  Time since last request: 0.000060 seconds.
  path: Assets/Blink/Art/Characters/Stylized/Humans/Humans/Textures_Humans/HM_Beard_3_Roughness.png
  artifactKey: Guid(b8153b84f6c86d448bcd89b5b9e3ab95) Importer(815301076,1909f56bfc062723c751e8b465ee728b)
Start importing Assets/Blink/Art/Characters/Stylized/Humans/Humans/Textures_Humans/HM_Beard_3_Roughness.png using Guid(b8153b84f6c86d448bcd89b5b9e3ab95) Importer(815301076,1909f56bfc062723c751e8b465ee728b)  -> (artifact id: '1c5cc64e47ff96e5c3976273404a8d2d') in 0.005248 seconds 
========================================================================
Received Import Request.
  Time since last request: 0.000507 seconds.
  path: Assets/Blink/Art/Characters/Stylized/Humans/Humans/Textures_Humans/HM_Beard_1_Metallic.png
  artifactKey: Guid(a94a8acf2e4a6f74da863c49ab5c1e3f) Importer(815301076,1909f56bfc062723c751e8b465ee728b)
Start importing Assets/Blink/Art/Characters/Stylized/Humans/Humans/Textures_Humans/HM_Beard_1_Metallic.png using Guid(a94a8acf2e4a6f74da863c49ab5c1e3f) Importer(815301076,1909f56bfc062723c751e8b465ee728b)  -> (artifact id: '6d9a293fe9952d4f6dc848b9c7a5875f') in 0.005192 seconds 
========================================================================
Received Import Request.
  Time since last request: 0.000041 seconds.
  path: Assets/Blink/Art/Characters/Stylized/Humans/Humans/Textures_Humans/HM_Body_Metallic.png
  artifactKey: Guid(6af48e5a933113f4c87ff631437b31ec) Importer(815301076,1909f56bfc062723c751e8b465ee728b)
Start importing Assets/Blink/Art/Characters/Stylized/Humans/Humans/Textures_Humans/HM_Body_Metallic.png using Guid(6af48e5a933113f4c87ff631437b31ec) Importer(815301076,1909f56bfc062723c751e8b465ee728b)  -> (artifact id: 'd518ef1e0c425bc44f5daad8a6da4905') in 0.007418 seconds 
========================================================================
Received Import Request.
  Time since last request: 0.000061 seconds.
  path: Assets/Blink/Art/Characters/Stylized/Humans/Humans/Textures_Humans/HM_Beard_1_BaseColor.png
  artifactKey: Guid(0ac1bcfae8259024e80fcd807cf585c5) Importer(815301076,1909f56bfc062723c751e8b465ee728b)
Start importing Assets/Blink/Art/Characters/Stylized/Humans/Humans/Textures_Humans/HM_Beard_1_BaseColor.png using Guid(0ac1bcfae8259024e80fcd807cf585c5) Importer(815301076,1909f56bfc062723c751e8b465ee728b)  -> (artifact id: '674a0632d5f023e81804d8d6f8a3250c') in 0.009261 seconds 
========================================================================
Received Import Request.
  Time since last request: 0.000068 seconds.
  path: Assets/Blink/Art/Characters/Stylized/Humans/Humans/Textures_Humans/HM_Eyes_Metallic.png
  artifactKey: Guid(71aaf37e4f5c87a4db0d93a15f787d91) Importer(815301076,1909f56bfc062723c751e8b465ee728b)
Start importing Assets/Blink/Art/Characters/Stylized/Humans/Humans/Textures_Humans/HM_Eyes_Metallic.png using Guid(71aaf37e4f5c87a4db0d93a15f787d91) Importer(815301076,1909f56bfc062723c751e8b465ee728b)  -> (artifact id: 'bb73f5fe726bfc7c539d3ceefffd13e3') in 0.005274 seconds 
========================================================================
Received Import Request.
  Time since last request: 0.000050 seconds.
  path: Assets/Blink/Art/Characters/Stylized/Humans/Humans/Textures_Humans/HM_Body_AO.png
  artifactKey: Guid(57dbdfca52b2b444ea7549d68fef42cb) Importer(815301076,1909f56bfc062723c751e8b465ee728b)
Start importing Assets/Blink/Art/Characters/Stylized/Humans/Humans/Textures_Humans/HM_Body_AO.png using Guid(57dbdfca52b2b444ea7549d68fef42cb) Importer(815301076,1909f56bfc062723c751e8b465ee728b)  -> (artifact id: '29e3ebf1019cc38461a25f73d3f83a1f') in 0.011212 seconds 
========================================================================
Received Import Request.
  Time since last request: 0.000066 seconds.
  path: Assets/Blink/Art/Characters/Stylized/Humans/Humans/Textures_Humans/HM_Face_1_AmbientOcclusion.png
  artifactKey: Guid(23231ee6b33d989489389ba8a8303ca9) Importer(815301076,1909f56bfc062723c751e8b465ee728b)
Start importing Assets/Blink/Art/Characters/Stylized/Humans/Humans/Textures_Humans/HM_Face_1_AmbientOcclusion.png using Guid(23231ee6b33d989489389ba8a8303ca9) Importer(815301076,1909f56bfc062723c751e8b465ee728b)  -> (artifact id: '19e69e73e5f8e22313c1cd5336cc41e6') in 0.006048 seconds 
========================================================================
Received Import Request.
  Time since last request: 0.000073 seconds.
  path: Assets/Blink/Art/Characters/Stylized/Humans/Humans/Textures_Humans/HM_Body_Normal.png
  artifactKey: Guid(fcfa1e44cbde6334fa5aa613f23c86f6) Importer(815301076,1909f56bfc062723c751e8b465ee728b)
Start importing Assets/Blink/Art/Characters/Stylized/Humans/Humans/Textures_Humans/HM_Body_Normal.png using Guid(fcfa1e44cbde6334fa5aa613f23c86f6) Importer(815301076,1909f56bfc062723c751e8b465ee728b)  -> (artifact id: '8db370a0620f6a42cc8bebe6a1fef5c9') in 0.013539 seconds 
========================================================================
Received Import Request.
  Time since last request: 0.000034 seconds.
  path: Assets/Blink/Art/Characters/Stylized/Humans/Humans/Textures_Humans/HM_Eyebrows_BaseColor.png
  artifactKey: Guid(39802cdffca8def4d965d43c2484c608) Importer(815301076,1909f56bfc062723c751e8b465ee728b)
Start importing Assets/Blink/Art/Characters/Stylized/Humans/Humans/Textures_Humans/HM_Eyebrows_BaseColor.png using Guid(39802cdffca8def4d965d43c2484c608) Importer(815301076,1909f56bfc062723c751e8b465ee728b)  -> (artifact id: '15b55fbd34d1e5071531d971614f1019') in 0.006341 seconds 
========================================================================
Received Import Request.
  Time since last request: 0.000048 seconds.
  path: Assets/Blink/Art/Characters/Stylized/Humans/Humans/Textures_Humans/HM_Hair_2_Metallic.png
  artifactKey: Guid(fa5e347f8faaae54aaa4d568f6f1973c) Importer(815301076,1909f56bfc062723c751e8b465ee728b)
Start importing Assets/Blink/Art/Characters/Stylized/Humans/Humans/Textures_Humans/HM_Hair_2_Metallic.png using Guid(fa5e347f8faaae54aaa4d568f6f1973c) Importer(815301076,1909f56bfc062723c751e8b465ee728b)  -> (artifact id: '880600b7d3a279b19c6b9c93139ec7df') in 0.008603 seconds 
========================================================================
Received Import Request.
  Time since last request: 0.000037 seconds.
  path: Assets/Blink/Art/Characters/Stylized/Humans/Humans/Textures_Humans/HM_Face_1_BaseColor.png
  artifactKey: Guid(d5fcc64f163b21b48ad14176550c01a1) Importer(815301076,1909f56bfc062723c751e8b465ee728b)
Start importing Assets/Blink/Art/Characters/Stylized/Humans/Humans/Textures_Humans/HM_Face_1_BaseColor.png using Guid(d5fcc64f163b21b48ad14176550c01a1) Importer(815301076,1909f56bfc062723c751e8b465ee728b)  -> (artifact id: 'f896e25fc3ffa279a4ec84f1b5712e16') in 0.006745 seconds 
========================================================================
Received Import Request.
  Time since last request: 0.000050 seconds.
  path: Assets/Blink/Art/Characters/Stylized/Humans/Humans/Textures_Humans/HM_Hair_2_Normal.png
  artifactKey: Guid(3ca4b00cf3237cd488cede8dcaa4591e) Importer(815301076,1909f56bfc062723c751e8b465ee728b)
Start importing Assets/Blink/Art/Characters/Stylized/Humans/Humans/Textures_Humans/HM_Hair_2_Normal.png using Guid(3ca4b00cf3237cd488cede8dcaa4591e) Importer(815301076,1909f56bfc062723c751e8b465ee728b)  -> (artifact id: 'f4c1cbd1030732b24104c350db17a205') in 0.009046 seconds 
========================================================================
Received Import Request.
  Time since last request: 0.000041 seconds.
  path: Assets/Blink/Art/Characters/Stylized/Humans/Humans/Textures_Humans/HM_Body_BaseColor.png
  artifactKey: Guid(e1a5d1e3042749a41be951996d10bbf1) Importer(815301076,1909f56bfc062723c751e8b465ee728b)
Start importing Assets/Blink/Art/Characters/Stylized/Humans/Humans/Textures_Humans/HM_Body_BaseColor.png using Guid(e1a5d1e3042749a41be951996d10bbf1) Importer(815301076,1909f56bfc062723c751e8b465ee728b)  -> (artifact id: '91a2c7fc84c2df3f9f09006b8cde2a2d') in 0.007006 seconds 
========================================================================
Received Import Request.
  Time since last request: 0.000041 seconds.
  path: Assets/Blink/Art/Characters/Stylized/Humans/Humans/Textures_Humans/HM_Eyebrows_Roughness.png
  artifactKey: Guid(16e38a505246c0641b3914df13216f83) Importer(815301076,1909f56bfc062723c751e8b465ee728b)
Start importing Assets/Blink/Art/Characters/Stylized/Humans/Humans/Textures_Humans/HM_Eyebrows_Roughness.png using Guid(16e38a505246c0641b3914df13216f83) Importer(815301076,1909f56bfc062723c751e8b465ee728b)  -> (artifact id: '994b87daddc8f29771fbe2e3240b42e5') in 0.007059 seconds 
========================================================================
Received Import Request.
  Time since last request: 4.526587 seconds.
  path: Assets/Blink/Art/Characters/Stylized/Humans/Demo_Characters
  artifactKey: Guid(a630f8566229f2643a90bf03c5b321e8) Importer(815301076,1909f56bfc062723c751e8b465ee728b)
Start importing Assets/Blink/Art/Characters/Stylized/Humans/Demo_Characters using Guid(a630f8566229f2643a90bf03c5b321e8) Importer(815301076,1909f56bfc062723c751e8b465ee728b)  -> (artifact id: '09ac2b4ed65c067db8f714d67251fe36') in 0.000969 seconds 
========================================================================
Received Import Request.
  Time since last request: 0.065429 seconds.
  path: Assets/Blink/Art/Characters/Stylized/Humans/Demo_Characters/PPProfile.asset
  artifactKey: Guid(b460a9016d925f0429506b0aacb8a7d1) Importer(815301076,1909f56bfc062723c751e8b465ee728b)
Start importing Assets/Blink/Art/Characters/Stylized/Humans/Demo_Characters/PPProfile.asset using Guid(b460a9016d925f0429506b0aacb8a7d1) Importer(815301076,1909f56bfc062723c751e8b465ee728b)  -> (artifact id: '9bf243401091487d85eaddf76540c26a') in 0.036336 seconds 
========================================================================
Received Import Request.
  Time since last request: 5.912891 seconds.
  path: Assets/Blink/Art/Animations/Animations_Starter_Pack
  artifactKey: Guid(7602d4452aff3724d8b63c657be26b62) Importer(815301076,1909f56bfc062723c751e8b465ee728b)
Start importing Assets/Blink/Art/Animations/Animations_Starter_Pack using Guid(7602d4452aff3724d8b63c657be26b62) Importer(815301076,1909f56bfc062723c751e8b465ee728b)  -> (artifact id: 'bd7f823580c07f67343c5383f1b45e74') in 0.000965 seconds 
========================================================================
Received Import Request.
  Time since last request: 1.010223 seconds.
  path: Assets/Blink/Art/Animations/Animations_Starter_Pack/Combat
  artifactKey: Guid(35b149b905f5c4645896e69ce79c884a) Importer(815301076,1909f56bfc062723c751e8b465ee728b)
Start importing Assets/Blink/Art/Animations/Animations_Starter_Pack/Combat using Guid(35b149b905f5c4645896e69ce79c884a) Importer(815301076,1909f56bfc062723c751e8b465ee728b)  -> (artifact id: 'c758f050d3d0956499b527d0c9e5fd8e') in 0.000890 seconds 
========================================================================
Received Import Request.
  Time since last request: 0.061831 seconds.
  path: Assets/Blink/Art/Animations/Animations_Starter_Pack/Combat/BlockingLoop.fbx
  artifactKey: Guid(a8bd4d740daa72c46bbff25e229c4ad2) Importer(815301076,1909f56bfc062723c751e8b465ee728b)
Start importing Assets/Blink/Art/Animations/Animations_Starter_Pack/Combat/BlockingLoop.fbx using Guid(a8bd4d740daa72c46bbff25e229c4ad2) Importer(815301076,1909f56bfc062723c751e8b465ee728b)  -> (artifact id: '438f8bbd1c3b71eaf262b6d076223245') in 0.062355 seconds 
========================================================================
Received Import Request.
  Time since last request: 0.000051 seconds.
  path: Assets/Blink/Art/Animations/Animations_Starter_Pack/Combat/Buff.fbx
  artifactKey: Guid(20349140a3cb83e4d883e1456c7783d5) Importer(815301076,1909f56bfc062723c751e8b465ee728b)
Start importing Assets/Blink/Art/Animations/Animations_Starter_Pack/Combat/Buff.fbx using Guid(20349140a3cb83e4d883e1456c7783d5) Importer(815301076,1909f56bfc062723c751e8b465ee728b)  -> (artifact id: 'b94cebdbc9d076f648837987881074fd') in 0.006652 seconds 
========================================================================
Received Import Request.
  Time since last request: 0.000070 seconds.
  path: Assets/Blink/Art/Animations/Animations_Starter_Pack/Combat/StunnedLoop.fbx
  artifactKey: Guid(8f760fa0100eb634b937fa931744496e) Importer(815301076,1909f56bfc062723c751e8b465ee728b)
Start importing Assets/Blink/Art/Animations/Animations_Starter_Pack/Combat/StunnedLoop.fbx using Guid(8f760fa0100eb634b937fa931744496e) Importer(815301076,1909f56bfc062723c751e8b465ee728b)  -> (artifact id: '99411c7a75723e69a35806b19c2e9037') in 0.005303 seconds 
========================================================================
Received Import Request.
  Time since last request: 0.000040 seconds.
  path: Assets/Blink/Art/Animations/Animations_Starter_Pack/Combat/PunchRight.fbx
  artifactKey: Guid(b4ed12fcea5716a4b88a664cf716cfc6) Importer(815301076,1909f56bfc062723c751e8b465ee728b)
Start importing Assets/Blink/Art/Animations/Animations_Starter_Pack/Combat/PunchRight.fbx using Guid(b4ed12fcea5716a4b88a664cf716cfc6) Importer(815301076,1909f56bfc062723c751e8b465ee728b)  -> (artifact id: 'fe820131a2192861a50d77761c82af0d') in 0.005249 seconds 
========================================================================
Received Import Request.
  Time since last request: 0.000037 seconds.
  path: Assets/Blink/Art/Animations/Animations_Starter_Pack/Combat/CastingLoop.fbx
  artifactKey: Guid(d6557ad5f7261ce4c8fe9f8f67c9d4cd) Importer(815301076,1909f56bfc062723c751e8b465ee728b)
Start importing Assets/Blink/Art/Animations/Animations_Starter_Pack/Combat/CastingLoop.fbx using Guid(d6557ad5f7261ce4c8fe9f8f67c9d4cd) Importer(815301076,1909f56bfc062723c751e8b465ee728b)  -> (artifact id: '43bdae6bdec74e73cc3345bafe32d0f5') in 0.004879 seconds 
========================================================================
Received Import Request.
  Time since last request: 0.000036 seconds.
  path: Assets/Blink/Art/Animations/Animations_Starter_Pack/Combat/PunchLeft.fbx
  artifactKey: Guid(d193a764e528253418a9c8161269688c) Importer(815301076,1909f56bfc062723c751e8b465ee728b)
Start importing Assets/Blink/Art/Animations/Animations_Starter_Pack/Combat/PunchLeft.fbx using Guid(d193a764e528253418a9c8161269688c) Importer(815301076,1909f56bfc062723c751e8b465ee728b)  -> (artifact id: '603cf05920c1c9d9206c96f67690e8bf') in 0.005111 seconds 
========================================================================
Received Import Request.
  Time since last request: 0.000031 seconds.
  path: Assets/Blink/Art/Animations/Animations_Starter_Pack/Combat/IdleCombat.fbx
  artifactKey: Guid(248146b68218df34c9ed1a14ba7a443b) Importer(815301076,1909f56bfc062723c751e8b465ee728b)
Start importing Assets/Blink/Art/Animations/Animations_Starter_Pack/Combat/IdleCombat.fbx using Guid(248146b68218df34c9ed1a14ba7a443b) Importer(815301076,1909f56bfc062723c751e8b465ee728b)  -> (artifact id: 'f04eb3d19c0bc2a5a7e6dab5c727f784') in 0.006212 seconds 
========================================================================
Received Prepare
Registering precompiled user dll's ...
Registered in 0.008583 seconds.
Begin MonoManager ReloadAssembly
Thread 0x281db7000 may have been prematurely finalized
Symbol file LoadedFromMemory doesn't match image /Users/yuriipolishchuk/Documents/unity_project/unity_2d/Aim/Aim/Aim/Library/PackageCache/com.unity.visualscripting@1.7.8/Editor/VisualScripting.Core/Dependencies/YamlDotNet/Unity.VisualScripting.YamlDotNet.dll
Symbol file LoadedFromMemory doesn't match image /Users/yuriipolishchuk/Documents/unity_project/unity_2d/Aim/Aim/Aim/Library/PackageCache/com.unity.visualscripting@1.7.8/Editor/VisualScripting.Core/Dependencies/DotNetZip/Unity.VisualScripting.IonicZip.dll
Native extension for OSXStandalone target not found
Native extension for WebGL target not found
Refreshing native plugins compatible for Editor in 0.78 ms, found 2 plugins.
Preloading 0 native plugins for Editor in 0.00 ms.
Mono: successfully reloaded assembly
- Completed reload, in  0.784 seconds
Domain Reload Profiling:
	ReloadAssembly (785ms)
		BeginReloadAssembly (160ms)
			ExecutionOrderSort (0ms)
			DisableScriptedObjects (3ms)
			BackupInstance (0ms)
			ReleaseScriptingObjects (0ms)
			CreateAndSetChildDomain (46ms)
		EndReloadAssembly (556ms)
			LoadAssemblies (118ms)
			RebuildTransferFunctionScriptingTraits (1ms)
			SetupTypeCache (206ms)
			ReleaseScriptCaches (11ms)
			RebuildScriptCaches (30ms)
			SetupLoadedEditorAssemblies (209ms)
				LogAssemblyErrors (0ms)
				InitializePlatformSupportModulesInManaged (7ms)
				SetLoadedEditorAssemblies (2ms)
				RefreshPlugins (1ms)
				BeforeProcessingInitializeOnLoad (43ms)
				ProcessInitializeOnLoadAttributes (139ms)
				ProcessInitializeOnLoadMethodAttributes (16ms)
				AfterProcessingInitializeOnLoad (1ms)
				EditorAssembliesLoaded (0ms)
			ExecutionOrderSort2 (0ms)
			AwakeInstancesAfterBackupRestoration (2ms)
Platform modules already initialized, skipping
Refreshing native plugins compatible for Editor in 1.16 ms, found 2 plugins.
Preloading 0 native plugins for Editor in 0.00 ms.
Unloading 3397 Unused Serialized files (Serialized files now loaded: 0)
Unloading 20 unused Assets / (72.4 KB). Loaded Objects now: 3907.
Memory consumption went from 253.9 MB to 253.8 MB.
Total: 2.995417 ms (FindLiveObjects: 0.140209 ms CreateObjectMapping: 0.067125 ms MarkObjects: 2.499875 ms  DeleteObjects: 0.287291 ms)

AssetImportParameters requested are different than current active one (requested -> active):
  custom:video-decoder-ogg-theora: a1e56fd34408186e4bbccfd4996cb3dc -> 
  custom:container-muxer-webm: aa71ff27fc2769a1b78a27578f13a17b -> 
  custom:container-demuxer-webm: 4f35f7cbe854078d1ac9338744f61a02 -> 
  custom:video-encoder-webm-vp8: eb34c28f22e8b96e1ab97ce403110664 -> 
  custom:framework-osx-AVFoundation: e770b220cccbd017edd2c1fefb359320 -> 
  custom:audio-encoder-webm-vorbis: bf7c407c2cedff20999df2af8eb42d56 -> 
  custom:container-demuxer-ogg: 62fdf1f143b41e24485cea50d1cbac27 -> 
  custom:video-decoder-webm-vp8: 9c59270c3fd7afecdb556c50c9e8de78 -> 
  custom:audio-decoder-ogg-vorbis: bf7c407c2cedff20999df2af8eb42d56 -> 
AssetImportWorkerClient::OnTransportError - code=2 error=End of file
