Unity Editor version:    2021.3.10f1 (1c7d0df0160b)
Branch:                  2021.3/staging
Build type:              Release
Batch mode:              YES
macOS version:           Version 12.6 (Build 21G115)
Darwin version:          21.6.0
Architecture:            arm64
Running under Rosetta:   NO
Available memory:        8192 MB
Using pre-set license
Pro License: YES

COMMAND LINE ARGUMENTS:
/Applications/Unity/Hub/Editor/2021.3.10f1/Unity.app/Contents/MacOS/Unity
-adb2
-batchMode
-noUpm
-name
AssetImportWorker1
-projectPath
/Users/yuriipolishchuk/Documents/unity_project/unity_2d/Aim/Aim/Aim
-logFile
Logs/AssetImportWorker1.log
-srvPort
62771
Successfully changed project path to: /Users/yuriipolishchuk/Documents/unity_project/unity_2d/Aim/Aim/Aim
/Users/yuriipolishchuk/Documents/unity_project/unity_2d/Aim/Aim/Aim
[UnityMemory] Configuration Parameters - Can be set up in boot.config
    "memorysetup-bucket-allocator-granularity=16"
    "memorysetup-bucket-allocator-bucket-count=8"
    "memorysetup-bucket-allocator-block-size=33554432"
    "memorysetup-bucket-allocator-block-count=8"
    "memorysetup-main-allocator-block-size=16777216"
    "memorysetup-thread-allocator-block-size=16777216"
    "memorysetup-gfx-main-allocator-block-size=16777216"
    "memorysetup-gfx-thread-allocator-block-size=16777216"
    "memorysetup-cache-allocator-block-size=4194304"
    "memorysetup-typetree-allocator-block-size=2097152"
    "memorysetup-profiler-bucket-allocator-granularity=16"
    "memorysetup-profiler-bucket-allocator-bucket-count=8"
    "memorysetup-profiler-bucket-allocator-block-size=33554432"
    "memorysetup-profiler-bucket-allocator-block-count=8"
    "memorysetup-profiler-allocator-block-size=16777216"
    "memorysetup-profiler-editor-allocator-block-size=1048576"
    "memorysetup-temp-allocator-size-main=16777216"
    "memorysetup-job-temp-allocator-block-size=2097152"
    "memorysetup-job-temp-allocator-block-size-background=1048576"
    "memorysetup-job-temp-allocator-reduction-small-platforms=262144"
    "memorysetup-temp-allocator-size-background-worker=32768"
    "memorysetup-temp-allocator-size-job-worker=262144"
    "memorysetup-temp-allocator-size-preload-manager=33554432"
    "memorysetup-temp-allocator-size-nav-mesh-worker=65536"
    "memorysetup-temp-allocator-size-audio-worker=65536"
    "memorysetup-temp-allocator-size-cloud-worker=32768"
    "memorysetup-temp-allocator-size-gi-baking-worker=262144"
    "memorysetup-temp-allocator-size-gfx=262144"
Refreshing native plugins compatible for Editor in 94.54 ms, found 2 plugins.
Preloading 0 native plugins for Editor in 0.00 ms.
Initialize engine version: 2021.3.10f1 (1c7d0df0160b)
[Subsystems] Discovering subsystems at path /Applications/Unity/Hub/Editor/2021.3.10f1/Unity.app/Contents/Resources/UnitySubsystems
[Subsystems] Discovering subsystems at path /Users/yuriipolishchuk/Documents/unity_project/unity_2d/Aim/Aim/Aim/Assets
GfxDevice: creating device client; threaded=0; jobified=0
 preferred device: Apple M1 (high power)
Metal devices available: 1
0: Apple M1 (high power)
Using device Apple M1 (high power)
Initializing Metal device caps: Apple M1
Initialize mono
Mono path[0] = '/Applications/Unity/Hub/Editor/2021.3.10f1/Unity.app/Contents/Managed'
Mono path[1] = '/Applications/Unity/Hub/Editor/2021.3.10f1/Unity.app/Contents/MonoBleedingEdge/lib/mono/unityjit-macos'
Mono config path = '/Applications/Unity/Hub/Editor/2021.3.10f1/Unity.app/Contents/MonoBleedingEdge/etc'
Using monoOptions --debugger-agent=transport=dt_socket,embedding=1,server=y,suspend=n,address=127.0.0.1:56682
Begin MonoManager ReloadAssembly
Registering precompiled unity dll's ...
Register platform support module: /Applications/Unity/Hub/Editor/2021.3.10f1/PlaybackEngines/WebGLSupport/UnityEditor.WebGL.Extensions.dll
Register platform support module: /Applications/Unity/Hub/Editor/2021.3.10f1/Unity.app/Contents/PlaybackEngines/MacStandaloneSupport/UnityEditor.OSXStandalone.Extensions.dll
Registered in 0.002224 seconds.
Native extension for OSXStandalone target not found
Native extension for WebGL target not found
Refreshing native plugins compatible for Editor in 68.78 ms, found 2 plugins.
Preloading 0 native plugins for Editor in 0.00 ms.
Mono: successfully reloaded assembly
- Completed reload, in  0.462 seconds
Domain Reload Profiling:
	ReloadAssembly (463ms)
		BeginReloadAssembly (72ms)
			ExecutionOrderSort (0ms)
			DisableScriptedObjects (0ms)
			BackupInstance (0ms)
			ReleaseScriptingObjects (0ms)
			CreateAndSetChildDomain (1ms)
		EndReloadAssembly (308ms)
			LoadAssemblies (72ms)
			RebuildTransferFunctionScriptingTraits (1ms)
			SetupTypeCache (72ms)
			ReleaseScriptCaches (0ms)
			RebuildScriptCaches (19ms)
			SetupLoadedEditorAssemblies (188ms)
				LogAssemblyErrors (0ms)
				InitializePlatformSupportModulesInManaged (4ms)
				SetLoadedEditorAssemblies (0ms)
				RefreshPlugins (69ms)
				BeforeProcessingInitializeOnLoad (1ms)
				ProcessInitializeOnLoadAttributes (89ms)
				ProcessInitializeOnLoadMethodAttributes (26ms)
				AfterProcessingInitializeOnLoad (0ms)
				EditorAssembliesLoaded (0ms)
			ExecutionOrderSort2 (0ms)
			AwakeInstancesAfterBackupRestoration (0ms)
Platform modules already initialized, skipping
Registering precompiled user dll's ...
Registered in 0.004977 seconds.
Begin MonoManager ReloadAssembly
Symbol file LoadedFromMemory doesn't match image /Users/yuriipolishchuk/Documents/unity_project/unity_2d/Aim/Aim/Aim/Library/PackageCache/com.unity.visualscripting@1.7.8/Editor/VisualScripting.Core/Dependencies/YamlDotNet/Unity.VisualScripting.YamlDotNet.dll
Symbol file LoadedFromMemory doesn't match image /Users/yuriipolishchuk/Documents/unity_project/unity_2d/Aim/Aim/Aim/Library/PackageCache/com.unity.visualscripting@1.7.8/Editor/VisualScripting.Core/Dependencies/DotNetZip/Unity.VisualScripting.IonicZip.dll
Native extension for OSXStandalone target not found
Native extension for WebGL target not found
Refreshing native plugins compatible for Editor in 0.42 ms, found 2 plugins.
Preloading 0 native plugins for Editor in 0.00 ms.
Mono: successfully reloaded assembly
- Completed reload, in  0.646 seconds
Domain Reload Profiling:
	ReloadAssembly (647ms)
		BeginReloadAssembly (57ms)
			ExecutionOrderSort (0ms)
			DisableScriptedObjects (3ms)
			BackupInstance (0ms)
			ReleaseScriptingObjects (0ms)
			CreateAndSetChildDomain (12ms)
		EndReloadAssembly (519ms)
			LoadAssemblies (65ms)
			RebuildTransferFunctionScriptingTraits (0ms)
			SetupTypeCache (176ms)
			ReleaseScriptCaches (0ms)
			RebuildScriptCaches (33ms)
			SetupLoadedEditorAssemblies (221ms)
				LogAssemblyErrors (0ms)
				InitializePlatformSupportModulesInManaged (3ms)
				SetLoadedEditorAssemblies (0ms)
				RefreshPlugins (0ms)
				BeforeProcessingInitializeOnLoad (56ms)
				ProcessInitializeOnLoadAttributes (144ms)
				ProcessInitializeOnLoadMethodAttributes (16ms)
				AfterProcessingInitializeOnLoad (1ms)
				EditorAssembliesLoaded (0ms)
			ExecutionOrderSort2 (0ms)
			AwakeInstancesAfterBackupRestoration (2ms)
Platform modules already initialized, skipping
========================================================================
Worker process is ready to serve import requests
Launching external process: /Applications/Unity/Hub/Editor/2021.3.10f1/Unity.app/Contents/Tools/UnityShaderCompiler
Launched and connected shader compiler UnityShaderCompiler after 0.25 seconds
Refreshing native plugins compatible for Editor in 0.38 ms, found 2 plugins.
Preloading 0 native plugins for Editor in 0.00 ms.
Unloading 3380 Unused Serialized files (Serialized files now loaded: 0)
Unloading 27 unused Assets / (96.6 KB). Loaded Objects now: 3837.
Memory consumption went from 229.5 MB to 229.4 MB.
Total: 2.128791 ms (FindLiveObjects: 0.120958 ms CreateObjectMapping: 0.042167 ms MarkObjects: 1.898250 ms  DeleteObjects: 0.066750 ms)

AssetImportParameters requested are different than current active one (requested -> active):
  custom:video-decoder-ogg-theora: a1e56fd34408186e4bbccfd4996cb3dc -> 
  custom:container-muxer-webm: aa71ff27fc2769a1b78a27578f13a17b -> 
  custom:container-demuxer-webm: 4f35f7cbe854078d1ac9338744f61a02 -> 
  custom:video-encoder-webm-vp8: eb34c28f22e8b96e1ab97ce403110664 -> 
  custom:framework-osx-AVFoundation: e770b220cccbd017edd2c1fefb359320 -> 
  custom:audio-encoder-webm-vorbis: bf7c407c2cedff20999df2af8eb42d56 -> 
  custom:container-demuxer-ogg: 62fdf1f143b41e24485cea50d1cbac27 -> 
  custom:video-decoder-webm-vp8: 9c59270c3fd7afecdb556c50c9e8de78 -> 
  custom:audio-decoder-ogg-vorbis: bf7c407c2cedff20999df2af8eb42d56 -> 
========================================================================
Received Import Request.
  Time since last request: 217550.551372 seconds.
  path: Assets/Blink/Art
  artifactKey: Guid(129d5b9f03c802a4193de37d8fd7019e) Importer(815301076,1909f56bfc062723c751e8b465ee728b)
Start importing Assets/Blink/Art using Guid(129d5b9f03c802a4193de37d8fd7019e) Importer(815301076,1909f56bfc062723c751e8b465ee728b)  -> (artifact id: 'cb1e4f319048b73516f0a7d696147873') in 0.004378 seconds 
========================================================================
Received Import Request.
  Time since last request: 0.000067 seconds.
  path: Assets/Blink/Art/Animations
  artifactKey: Guid(0445f04ac2653554d9e0980841cf98a9) Importer(815301076,1909f56bfc062723c751e8b465ee728b)
Start importing Assets/Blink/Art/Animations using Guid(0445f04ac2653554d9e0980841cf98a9) Importer(815301076,1909f56bfc062723c751e8b465ee728b)  -> (artifact id: 'bc950506b1fc7f53ce8dc8178054bcfe') in 0.000435 seconds 
========================================================================
Received Import Request.
  Time since last request: 13.274047 seconds.
  path: Assets/Blink/Art/Characters/Stylized/Humans/Humans/Textures_Humans/HM_Accessories_T_BaseColor3.png
  artifactKey: Guid(e70ab94583d9bf445855e8a4a8b7c2f4) Importer(815301076,1909f56bfc062723c751e8b465ee728b)
Start importing Assets/Blink/Art/Characters/Stylized/Humans/Humans/Textures_Humans/HM_Accessories_T_BaseColor3.png using Guid(e70ab94583d9bf445855e8a4a8b7c2f4) Importer(815301076,1909f56bfc062723c751e8b465ee728b)  -> (artifact id: '561465d5e13a543339292206ce9024ae') in 0.415882 seconds 
========================================================================
Received Import Request.
  Time since last request: 0.000154 seconds.
  path: Assets/Blink/Art/Characters/Stylized/Humans/Humans/Textures_Humans/HM_Eyes_AO.png
  artifactKey: Guid(e2dc5370685b73f4e90107716f432daf) Importer(815301076,1909f56bfc062723c751e8b465ee728b)
Start importing Assets/Blink/Art/Characters/Stylized/Humans/Humans/Textures_Humans/HM_Eyes_AO.png using Guid(e2dc5370685b73f4e90107716f432daf) Importer(815301076,1909f56bfc062723c751e8b465ee728b)  -> (artifact id: 'd95173c4e9a5a0efc0921be55cc0f390') in 0.008240 seconds 
========================================================================
Received Import Request.
  Time since last request: 0.000048 seconds.
  path: Assets/Blink/Art/Characters/Stylized/Humans/Humans/Textures_Humans/HM_Eyes_Normal.png
  artifactKey: Guid(edfea4c412361a1459cd05e2ec4fb8de) Importer(815301076,1909f56bfc062723c751e8b465ee728b)
Start importing Assets/Blink/Art/Characters/Stylized/Humans/Humans/Textures_Humans/HM_Eyes_Normal.png using Guid(edfea4c412361a1459cd05e2ec4fb8de) Importer(815301076,1909f56bfc062723c751e8b465ee728b)  -> (artifact id: '684e926006a744d588db1cbc760f5e20') in 0.053455 seconds 
========================================================================
Received Import Request.
  Time since last request: 0.000058 seconds.
  path: Assets/Blink/Art/Characters/Stylized/Humans/Humans/Textures_Humans/HM_Body_Roughness.png
  artifactKey: Guid(15b0281b2ec77b74c8a4d3305efd0db9) Importer(815301076,1909f56bfc062723c751e8b465ee728b)
Start importing Assets/Blink/Art/Characters/Stylized/Humans/Humans/Textures_Humans/HM_Body_Roughness.png using Guid(15b0281b2ec77b74c8a4d3305efd0db9) Importer(815301076,1909f56bfc062723c751e8b465ee728b)  -> (artifact id: '3f77183f182e7c56c010ea58d0c15cd4') in 0.007994 seconds 
========================================================================
Received Import Request.
  Time since last request: 0.000071 seconds.
  path: Assets/Blink/Art/Characters/Stylized/Humans/Humans/Textures_Humans/HM_Hair_2_Roughness.png
  artifactKey: Guid(72300b4ce842f69459663eae78f46b88) Importer(815301076,1909f56bfc062723c751e8b465ee728b)
Start importing Assets/Blink/Art/Characters/Stylized/Humans/Humans/Textures_Humans/HM_Hair_2_Roughness.png using Guid(72300b4ce842f69459663eae78f46b88) Importer(815301076,1909f56bfc062723c751e8b465ee728b)  -> (artifact id: '4eb07c72bf124f20ae69d3fc241f6039') in 0.005005 seconds 
========================================================================
Received Import Request.
  Time since last request: 0.000037 seconds.
  path: Assets/Blink/Art/Characters/Stylized/Humans/Humans/Textures_Humans/HM_Accessories_T_Roughness.png
  artifactKey: Guid(d8c71f26cbe5c8a4091cae7cb7e8aad8) Importer(815301076,1909f56bfc062723c751e8b465ee728b)
Start importing Assets/Blink/Art/Characters/Stylized/Humans/Humans/Textures_Humans/HM_Accessories_T_Roughness.png using Guid(d8c71f26cbe5c8a4091cae7cb7e8aad8) Importer(815301076,1909f56bfc062723c751e8b465ee728b)  -> (artifact id: '54e2689f2a96239654e1b646abe96995') in 0.008722 seconds 
========================================================================
Received Import Request.
  Time since last request: 0.000045 seconds.
  path: Assets/Blink/Art/Characters/Stylized/Humans/Humans/Textures_Humans/HM_Face_1_Normal.png
  artifactKey: Guid(d4600c05c09bd1042a38628b224bad98) Importer(815301076,1909f56bfc062723c751e8b465ee728b)
Start importing Assets/Blink/Art/Characters/Stylized/Humans/Humans/Textures_Humans/HM_Face_1_Normal.png using Guid(d4600c05c09bd1042a38628b224bad98) Importer(815301076,1909f56bfc062723c751e8b465ee728b)  -> (artifact id: '616abc4669d84451a414dbc1d41242a4') in 0.011898 seconds 
========================================================================
Received Import Request.
  Time since last request: 0.000148 seconds.
  path: Assets/Blink/Art/Characters/Stylized/Humans/Humans/Textures_Humans/HM_Eyebrows_Metallic.png
  artifactKey: Guid(0ff91bc2f3f97494e95af1288f5eabaa) Importer(815301076,1909f56bfc062723c751e8b465ee728b)
Start importing Assets/Blink/Art/Characters/Stylized/Humans/Humans/Textures_Humans/HM_Eyebrows_Metallic.png using Guid(0ff91bc2f3f97494e95af1288f5eabaa) Importer(815301076,1909f56bfc062723c751e8b465ee728b)  -> (artifact id: '92d5464c89dc9d0122587711670bfcd5') in 0.005712 seconds 
========================================================================
Received Import Request.
  Time since last request: 0.000051 seconds.
  path: Assets/Blink/Art/Characters/Stylized/Humans/Humans/Textures_Humans/HM_Beard_1_Roughness.png
  artifactKey: Guid(d964c2299bf284244b7ee5199200ad29) Importer(815301076,1909f56bfc062723c751e8b465ee728b)
Start importing Assets/Blink/Art/Characters/Stylized/Humans/Humans/Textures_Humans/HM_Beard_1_Roughness.png using Guid(d964c2299bf284244b7ee5199200ad29) Importer(815301076,1909f56bfc062723c751e8b465ee728b)  -> (artifact id: '1649b0fec7c7443ecd720f3e46966c3e') in 0.008111 seconds 
========================================================================
Received Import Request.
  Time since last request: 0.000038 seconds.
  path: Assets/Blink/Art/Characters/Stylized/Humans/Humans/Textures_Humans/HM_Beard_1_Normal.png
  artifactKey: Guid(d21958c104a7be449820dede66a24fef) Importer(815301076,1909f56bfc062723c751e8b465ee728b)
Start importing Assets/Blink/Art/Characters/Stylized/Humans/Humans/Textures_Humans/HM_Beard_1_Normal.png using Guid(d21958c104a7be449820dede66a24fef) Importer(815301076,1909f56bfc062723c751e8b465ee728b)  -> (artifact id: '1ad168345c3e5d6f9d22f896de05bc07') in 0.007145 seconds 
========================================================================
Received Import Request.
  Time since last request: 0.000037 seconds.
  path: Assets/Blink/Art/Characters/Stylized/Humans/Humans/Textures_Humans/HM_Beard_1_AO.png
  artifactKey: Guid(f2ab140ce67643d4780cb25bd02647be) Importer(815301076,1909f56bfc062723c751e8b465ee728b)
Start importing Assets/Blink/Art/Characters/Stylized/Humans/Humans/Textures_Humans/HM_Beard_1_AO.png using Guid(f2ab140ce67643d4780cb25bd02647be) Importer(815301076,1909f56bfc062723c751e8b465ee728b)  -> (artifact id: '63bd8137e47859d641358670427d4c52') in 0.005218 seconds 
========================================================================
Received Import Request.
  Time since last request: 0.000034 seconds.
  path: Assets/Blink/Art/Characters/Stylized/Humans/Humans/Textures_Humans/HM_Beard_3_AO.png
  artifactKey: Guid(3bbcc510456957b45b1098541933f96d) Importer(815301076,1909f56bfc062723c751e8b465ee728b)
Start importing Assets/Blink/Art/Characters/Stylized/Humans/Humans/Textures_Humans/HM_Beard_3_AO.png using Guid(3bbcc510456957b45b1098541933f96d) Importer(815301076,1909f56bfc062723c751e8b465ee728b)  -> (artifact id: '2021620f207ed2cb1f83eaa922e22f01') in 0.006429 seconds 
========================================================================
Received Import Request.
  Time since last request: 0.000070 seconds.
  path: Assets/Blink/Art/Characters/Stylized/Humans/Humans/Textures_Humans/HM_Face_1_Metallic.png
  artifactKey: Guid(0a60b578b4cd8ee4eabe256b8e588e8d) Importer(815301076,1909f56bfc062723c751e8b465ee728b)
Start importing Assets/Blink/Art/Characters/Stylized/Humans/Humans/Textures_Humans/HM_Face_1_Metallic.png using Guid(0a60b578b4cd8ee4eabe256b8e588e8d) Importer(815301076,1909f56bfc062723c751e8b465ee728b)  -> (artifact id: 'd5e850b340762f3347b7aa8e6ba3384d') in 0.004898 seconds 
========================================================================
Received Import Request.
  Time since last request: 0.000047 seconds.
  path: Assets/Blink/Art/Characters/Stylized/Humans/Humans/Textures_Humans/HM_Eyes_BaseColor.png
  artifactKey: Guid(751bf0013d92e1243a789435c0007342) Importer(815301076,1909f56bfc062723c751e8b465ee728b)
Start importing Assets/Blink/Art/Characters/Stylized/Humans/Humans/Textures_Humans/HM_Eyes_BaseColor.png using Guid(751bf0013d92e1243a789435c0007342) Importer(815301076,1909f56bfc062723c751e8b465ee728b)  -> (artifact id: '47d1bd720852dc972dcf40d30deb736f') in 0.010540 seconds 
========================================================================
Received Import Request.
  Time since last request: 0.000039 seconds.
  path: Assets/Blink/Art/Characters/Stylized/Humans/Humans/Textures_Humans/HM_Hair_2_AO.png
  artifactKey: Guid(36d9942ff5ce6264c981bbe274edbcda) Importer(815301076,1909f56bfc062723c751e8b465ee728b)
Start importing Assets/Blink/Art/Characters/Stylized/Humans/Humans/Textures_Humans/HM_Hair_2_AO.png using Guid(36d9942ff5ce6264c981bbe274edbcda) Importer(815301076,1909f56bfc062723c751e8b465ee728b)  -> (artifact id: '146d3d6f61b40dfedc9a7e023c16d630') in 0.009328 seconds 
========================================================================
Received Import Request.
  Time since last request: 0.000106 seconds.
  path: Assets/Blink/Art/Characters/Stylized/Humans/Humans/Textures_Humans/HM_Beard_3_Metallic.png
  artifactKey: Guid(88f50eb500345734ca6ed87122d499ef) Importer(815301076,1909f56bfc062723c751e8b465ee728b)
Start importing Assets/Blink/Art/Characters/Stylized/Humans/Humans/Textures_Humans/HM_Beard_3_Metallic.png using Guid(88f50eb500345734ca6ed87122d499ef) Importer(815301076,1909f56bfc062723c751e8b465ee728b)  -> (artifact id: '23cdc71a63da31ce0c3c3f81faa2fa82') in 0.006507 seconds 
========================================================================
Received Import Request.
  Time since last request: 0.000035 seconds.
  path: Assets/Blink/Art/Characters/Stylized/Humans/Humans/Textures_Humans/HM_Accessories_T_Metallic.png
  artifactKey: Guid(efa2ec1e684413e47a0679f7411b98ff) Importer(815301076,1909f56bfc062723c751e8b465ee728b)
Start importing Assets/Blink/Art/Characters/Stylized/Humans/Humans/Textures_Humans/HM_Accessories_T_Metallic.png using Guid(efa2ec1e684413e47a0679f7411b98ff) Importer(815301076,1909f56bfc062723c751e8b465ee728b)  -> (artifact id: '398cc693b0d1f9accc7c9461fa1ac2de') in 0.012263 seconds 
========================================================================
Received Import Request.
  Time since last request: 0.000052 seconds.
  path: Assets/Blink/Art/Characters/Stylized/Humans/Humans/Textures_Humans/HM_Face_1_Roughness.png
  artifactKey: Guid(f91f9f6f903eec1478d15099493a10e5) Importer(815301076,1909f56bfc062723c751e8b465ee728b)
Start importing Assets/Blink/Art/Characters/Stylized/Humans/Humans/Textures_Humans/HM_Face_1_Roughness.png using Guid(f91f9f6f903eec1478d15099493a10e5) Importer(815301076,1909f56bfc062723c751e8b465ee728b)  -> (artifact id: 'f0cccc90a103f1d120bd2b97134761f9') in 0.006016 seconds 
========================================================================
Received Import Request.
  Time since last request: 0.000129 seconds.
  path: Assets/Blink/Art/Characters/Stylized/Humans/Humans/Textures_Humans/HM_Eyebrows_Normal.png
  artifactKey: Guid(5ca2acce9bd8d9045ada437b8d922da2) Importer(815301076,1909f56bfc062723c751e8b465ee728b)
Start importing Assets/Blink/Art/Characters/Stylized/Humans/Humans/Textures_Humans/HM_Eyebrows_Normal.png using Guid(5ca2acce9bd8d9045ada437b8d922da2) Importer(815301076,1909f56bfc062723c751e8b465ee728b)  -> (artifact id: '598995e85dbe501bb438dd455375bf39') in 0.004857 seconds 
========================================================================
Received Import Request.
  Time since last request: 0.000050 seconds.
  path: Assets/Blink/Art/Characters/Stylized/Humans/Humans/Textures_Humans/HM_Hair_2_BaseColor.png
  artifactKey: Guid(74cfdb29d15abe44aab8788d56adf975) Importer(815301076,1909f56bfc062723c751e8b465ee728b)
Start importing Assets/Blink/Art/Characters/Stylized/Humans/Humans/Textures_Humans/HM_Hair_2_BaseColor.png using Guid(74cfdb29d15abe44aab8788d56adf975) Importer(815301076,1909f56bfc062723c751e8b465ee728b)  -> (artifact id: '0b4603797c3993ae1a5e519928cd79f0') in 0.005163 seconds 
========================================================================
Received Import Request.
  Time since last request: 11.641714 seconds.
  path: Assets/Blink/Art/Animations/Animations_Starter_Pack/Combat/BowShot.fbx
  artifactKey: Guid(9cbb2a4d135c31e4cbeadac255ba4ecb) Importer(815301076,1909f56bfc062723c751e8b465ee728b)
Start importing Assets/Blink/Art/Animations/Animations_Starter_Pack/Combat/BowShot.fbx using Guid(9cbb2a4d135c31e4cbeadac255ba4ecb) Importer(815301076,1909f56bfc062723c751e8b465ee728b)  -> (artifact id: 'cc0b363198acbb9f01fc9100c7191ef7') in 0.067340 seconds 
========================================================================
Received Import Request.
  Time since last request: 0.000071 seconds.
  path: Assets/Blink/Art/Animations/Animations_Starter_Pack/Combat/MeleeAttack_OneHanded.fbx
  artifactKey: Guid(3d7c10dfb76b352458c6ee3cf1acd54f) Importer(815301076,1909f56bfc062723c751e8b465ee728b)
Start importing Assets/Blink/Art/Animations/Animations_Starter_Pack/Combat/MeleeAttack_OneHanded.fbx using Guid(3d7c10dfb76b352458c6ee3cf1acd54f) Importer(815301076,1909f56bfc062723c751e8b465ee728b)  -> (artifact id: 'f83a53c20612157d408c0d565b274bd8') in 0.005186 seconds 
========================================================================
Received Import Request.
  Time since last request: 0.000047 seconds.
  path: Assets/Blink/Art/Animations/Animations_Starter_Pack/Combat/SpellCast.fbx
  artifactKey: Guid(afb2e0e8e5b867f49ad94f4e813c3570) Importer(815301076,1909f56bfc062723c751e8b465ee728b)
Start importing Assets/Blink/Art/Animations/Animations_Starter_Pack/Combat/SpellCast.fbx using Guid(afb2e0e8e5b867f49ad94f4e813c3570) Importer(815301076,1909f56bfc062723c751e8b465ee728b)  -> (artifact id: '06e53454f022dbdaceea8538cd859237') in 0.007559 seconds 
========================================================================
Received Import Request.
  Time since last request: 0.000049 seconds.
  path: Assets/Blink/Art/Animations/Animations_Starter_Pack/Combat/GetHit.fbx
  artifactKey: Guid(83e28e7ec15604e4e936c71d31a7ebad) Importer(815301076,1909f56bfc062723c751e8b465ee728b)
Start importing Assets/Blink/Art/Animations/Animations_Starter_Pack/Combat/GetHit.fbx using Guid(83e28e7ec15604e4e936c71d31a7ebad) Importer(815301076,1909f56bfc062723c751e8b465ee728b)  -> (artifact id: 'c73c7e3f8fbeec42ad9bc47b28406d95') in 0.005335 seconds 
========================================================================
Received Import Request.
  Time since last request: 0.000050 seconds.
  path: Assets/Blink/Art/Animations/Animations_Starter_Pack/Combat/Death.fbx
  artifactKey: Guid(6d63f48bf2bc2e64a9295d5b1a4b44bf) Importer(815301076,1909f56bfc062723c751e8b465ee728b)
Start importing Assets/Blink/Art/Animations/Animations_Starter_Pack/Combat/Death.fbx using Guid(6d63f48bf2bc2e64a9295d5b1a4b44bf) Importer(815301076,1909f56bfc062723c751e8b465ee728b)  -> (artifact id: '0153cafb36f8a44a7e464ad93b91b51a') in 0.005695 seconds 
========================================================================
Received Import Request.
  Time since last request: 0.000045 seconds.
  path: Assets/Blink/Art/Animations/Animations_Starter_Pack/Combat/MeleeAttack_TwoHanded.fbx
  artifactKey: Guid(337a802e1a50ad746827a890f372c41e) Importer(815301076,1909f56bfc062723c751e8b465ee728b)
Start importing Assets/Blink/Art/Animations/Animations_Starter_Pack/Combat/MeleeAttack_TwoHanded.fbx using Guid(337a802e1a50ad746827a890f372c41e) Importer(815301076,1909f56bfc062723c751e8b465ee728b)  -> (artifact id: '03c31892779acc56b04b5f3d9387b329') in 0.005182 seconds 
========================================================================
Received Prepare
Registering precompiled user dll's ...
Registered in 0.008551 seconds.
Begin MonoManager ReloadAssembly
Thread 0x2853c7000 may have been prematurely finalized
Symbol file LoadedFromMemory doesn't match image /Users/yuriipolishchuk/Documents/unity_project/unity_2d/Aim/Aim/Aim/Library/PackageCache/com.unity.visualscripting@1.7.8/Editor/VisualScripting.Core/Dependencies/YamlDotNet/Unity.VisualScripting.YamlDotNet.dll
Symbol file LoadedFromMemory doesn't match image /Users/yuriipolishchuk/Documents/unity_project/unity_2d/Aim/Aim/Aim/Library/PackageCache/com.unity.visualscripting@1.7.8/Editor/VisualScripting.Core/Dependencies/DotNetZip/Unity.VisualScripting.IonicZip.dll
Native extension for OSXStandalone target not found
Native extension for WebGL target not found
Refreshing native plugins compatible for Editor in 1.06 ms, found 2 plugins.
Preloading 0 native plugins for Editor in 0.00 ms.
Mono: successfully reloaded assembly
- Completed reload, in  0.784 seconds
Domain Reload Profiling:
	ReloadAssembly (785ms)
		BeginReloadAssembly (159ms)
			ExecutionOrderSort (0ms)
			DisableScriptedObjects (3ms)
			BackupInstance (0ms)
			ReleaseScriptingObjects (0ms)
			CreateAndSetChildDomain (47ms)
		EndReloadAssembly (556ms)
			LoadAssemblies (118ms)
			RebuildTransferFunctionScriptingTraits (0ms)
			SetupTypeCache (206ms)
			ReleaseScriptCaches (10ms)
			RebuildScriptCaches (30ms)
			SetupLoadedEditorAssemblies (210ms)
				LogAssemblyErrors (0ms)
				InitializePlatformSupportModulesInManaged (8ms)
				SetLoadedEditorAssemblies (1ms)
				RefreshPlugins (1ms)
				BeforeProcessingInitializeOnLoad (43ms)
				ProcessInitializeOnLoadAttributes (139ms)
				ProcessInitializeOnLoadMethodAttributes (17ms)
				AfterProcessingInitializeOnLoad (1ms)
				EditorAssembliesLoaded (0ms)
			ExecutionOrderSort2 (0ms)
			AwakeInstancesAfterBackupRestoration (2ms)
Platform modules already initialized, skipping
Refreshing native plugins compatible for Editor in 1.13 ms, found 2 plugins.
Preloading 0 native plugins for Editor in 0.00 ms.
Unloading 3397 Unused Serialized files (Serialized files now loaded: 0)
Unloading 20 unused Assets / (72.5 KB). Loaded Objects now: 3868.
Memory consumption went from 245.0 MB to 245.0 MB.
Total: 2.353833 ms (FindLiveObjects: 0.132209 ms CreateObjectMapping: 0.063625 ms MarkObjects: 2.096709 ms  DeleteObjects: 0.060750 ms)

AssetImportParameters requested are different than current active one (requested -> active):
  custom:video-decoder-ogg-theora: a1e56fd34408186e4bbccfd4996cb3dc -> 
  custom:container-muxer-webm: aa71ff27fc2769a1b78a27578f13a17b -> 
  custom:container-demuxer-webm: 4f35f7cbe854078d1ac9338744f61a02 -> 
  custom:video-encoder-webm-vp8: eb34c28f22e8b96e1ab97ce403110664 -> 
  custom:framework-osx-AVFoundation: e770b220cccbd017edd2c1fefb359320 -> 
  custom:audio-encoder-webm-vorbis: bf7c407c2cedff20999df2af8eb42d56 -> 
  custom:container-demuxer-ogg: 62fdf1f143b41e24485cea50d1cbac27 -> 
  custom:video-decoder-webm-vp8: 9c59270c3fd7afecdb556c50c9e8de78 -> 
  custom:audio-decoder-ogg-vorbis: bf7c407c2cedff20999df2af8eb42d56 -> 
AssetImportWorkerClient::OnTransportError - code=2 error=End of file
